{"time": "2025-07-19 21:33:42", "template": "", "funnel": "", "sent": "", "error": "", "msg": "🚀 Бот запущен."}
{"time": "2025-07-19 21:33:42", "template": "", "funnel": "", "sent": "", "error": "", "msg": "Start polling"}
{"time": "2025-07-19 21:33:42", "template": "", "funnel": "", "sent": "", "error": "", "msg": "Run polling for bot @Test_Bondio_Bot id=7561870576 - 'test_bondio'"}
{"time": "2025-07-19 21:33:52", "template": "", "funnel": "", "sent": "", "error": "", "msg": "Update id=514054545 is handled. Duration 357 ms by bot id=7561870576"}
{"time": "2025-07-19 21:33:55", "template": "", "funnel": "", "sent": "", "error": "", "msg": "Update id=514054546 is handled. Duration 1497 ms by bot id=7561870576"}
{"time": "2025-07-19 21:33:58", "template": "", "funnel": "", "sent": "", "error": "", "msg": "Update id=514054547 is handled. Duration 2232 ms by bot id=7561870576"}
{"time": "2025-07-19 21:34:07", "template": "", "funnel": "", "sent": "", "error": "", "msg": "Update id=514054548 is handled. Duration 990 ms by bot id=7561870576"}
{"time": "2025-07-19 21:34:43", "template": "", "funnel": "", "sent": "", "error": "", "msg": "Update id=514054549 is handled. Duration 231 ms by bot id=7561870576"}
{"time": "2025-07-19 21:34:45", "template": "", "funnel": "", "sent": "", "error": "", "msg": "Update id=514054550 is handled. Duration 162 ms by bot id=7561870576"}
{"time": "2025-07-19 21:34:51", "template": "", "funnel": "", "sent": "", "error": "", "msg": "Update id=514054551 is handled. Duration 107 ms by bot id=7561870576"}
{"time": "2025-07-19 21:35:00", "template": "", "funnel": "", "sent": "", "error": "", "msg": "Update id=514054552 is handled. Duration 261 ms by bot id=7561870576"}
{"time": "2025-07-19 21:35:02", "template": "", "funnel": "", "sent": "", "error": "", "msg": "Update id=514054553 is handled. Duration 188 ms by bot id=7561870576"}
{"time": "2025-07-19 21:35:05", "template": "", "funnel": "", "sent": "", "error": "", "msg": "Update id=514054554 is handled. Duration 244 ms by bot id=7561870576"}
{"time": "2025-07-19 21:35:13", "template": "тест", "funnel": "", "sent": false, "error": "Traceback (most recent call last):\r\n  File \"C:\\work\\test\\twst1\\bot.py\", line 98, in <module>\r\n    main()\r\n    ~~~~^^\r\n  File \"C:\\work\\test\\twst1\\bot.py\", line 65, in main\r\n    print(f\"{phone}: {code} \\u2192 {resp}\")\r\n    ~~~~~^^^^^^^^^^^^^^^^^^^^^^^^^^^^^\r\n  File \"C:\\Users\\mrmin\\AppData\\Local\\Programs\\Python\\Python313\\Lib\\encodings\\cp1251.py\", line 19, in encode\r\n    return codecs.charmap_encode(input,self.errors,encoding_table)[0]\r\n           ~~~~~~~~~~~~~~~~~~~~~^^^^^^^^^^^^^^^^^^^^^^^^^^^^^^^^^^\r\nUnicodeEncodeError: 'charmap' codec can't encode character '\\u2192' in position 18: character maps to <undefined>", "msg": "Ошибка отправки"}
{"time": "2025-07-19 21:35:15", "template": "тест", "funnel": "", "sent": false, "error": "Traceback (most recent call last):\r\n  File \"C:\\work\\test\\twst1\\bot.py\", line 98, in <module>\r\n    main()\r\n    ~~~~^^\r\n  File \"C:\\work\\test\\twst1\\bot.py\", line 65, in main\r\n    print(f\"{phone}: {code} \\u2192 {resp}\")\r\n    ~~~~~^^^^^^^^^^^^^^^^^^^^^^^^^^^^^\r\n  File \"C:\\Users\\mrmin\\AppData\\Local\\Programs\\Python\\Python313\\Lib\\encodings\\cp1251.py\", line 19, in encode\r\n    return codecs.charmap_encode(input,self.errors,encoding_table)[0]\r\n           ~~~~~~~~~~~~~~~~~~~~~^^^^^^^^^^^^^^^^^^^^^^^^^^^^^^^^^^\r\nUnicodeEncodeError: 'charmap' codec can't encode character '\\u2192' in position 18: character maps to <undefined>", "msg": "Ошибка отправки"}
{"time": "2025-07-19 21:35:15", "template": "", "funnel": "", "sent": "", "error": "", "msg": "Рассылка job_c556647d завершена (2 номеров)"}
{"time": "2025-07-19 21:47:39", "template": "", "funnel": "", "sent": "", "error": "", "msg": "Polling stopped"}
{"time": "2025-07-19 21:47:40", "template": "", "funnel": "", "sent": "", "error": "", "msg": "Polling stopped for bot @Test_Bondio_Bot id=7561870576 - 'test_bondio'"}
{"time": "2025-07-19 23:20:55", "template": "", "funnel": "", "phone": "", "success": "", "error": "", "msg": "🚀 Бот запущен."}
{"time": "2025-07-19 23:20:55", "template": "", "funnel": "", "phone": "", "success": "", "error": "", "msg": "Start polling"}
{"time": "2025-07-19 23:20:55", "template": "", "funnel": "", "phone": "", "success": "", "error": "", "msg": "Run polling for bot @Test_Bondio_Bot id=7561870576 - 'test_bondio'"}
{"time": "2025-07-19 23:20:56", "template": "", "funnel": "", "phone": "", "success": "", "error": "", "msg": "Update id=514054655 is handled. Duration 167 ms by bot id=7561870576"}
{"time": "2025-07-19 23:21:00", "template": "", "funnel": "", "phone": "", "success": "", "error": "", "msg": "Update id=514054656 is handled. Duration 0 ms by bot id=7561870576"}
{"time": "2025-07-19 23:21:11", "template": "", "funnel": "", "phone": "", "success": "", "error": "", "msg": "Polling stopped"}
{"time": "2025-07-19 23:21:11", "template": "", "funnel": "", "phone": "", "success": "", "error": "", "msg": "Polling stopped for bot @Test_Bondio_Bot id=7561870576 - 'test_bondio'"}
{"time": "2025-07-19 23:27:23+00:00", "template": "", "funnel": "", "phone": "", "success": "", "error": "", "msg": "🚀 Бот запущен."}
{"time": "2025-07-19 23:27:23+00:00", "template": "", "funnel": "", "phone": "", "success": "", "error": "", "msg": "Start polling"}
{"time": "2025-07-19 23:27:24+00:00", "template": "", "funnel": "", "phone": "", "success": "", "error": "", "msg": "Run polling for bot @Test_Bondio_Bot id=7561870576 - 'test_bondio'"}
{"time": "2025-07-19 23:27:38+00:00", "template": "", "funnel": "", "phone": "", "success": "", "error": "", "msg": "Polling stopped"}
{"time": "2025-07-19 23:27:38+00:00", "template": "", "funnel": "", "phone": "", "success": "", "error": "", "msg": "Polling stopped for bot @Test_Bondio_Bot id=7561870576 - 'test_bondio'"}
{"time": "2025-07-19 23:27:42+00:00", "template": "", "funnel": "", "phone": "", "success": "", "error": "", "msg": "🚀 Бот запущен."}
{"time": "2025-07-19 23:27:42+00:00", "template": "", "funnel": "", "phone": "", "success": "", "error": "", "msg": "Start polling"}
{"time": "2025-07-19 23:27:43+00:00", "template": "", "funnel": "", "phone": "", "success": "", "error": "", "msg": "Run polling for bot @Test_Bondio_Bot id=7561870576 - 'test_bondio'"}
{"time": "2025-07-19 23:27:56+00:00", "template": "", "funnel": "", "phone": "", "success": "", "error": "", "msg": "Polling stopped"}
{"time": "2025-07-19 23:27:56+00:00", "template": "", "funnel": "", "phone": "", "success": "", "error": "", "msg": "Polling stopped for bot @Test_Bondio_Bot id=7561870576 - 'test_bondio'"}
{"time": "2025-07-19 23:35:33+00:00", "template": "", "funnel": "", "phone": "", "success": "", "error": "", "msg": "🚀 Бот запущен."}
{"time": "2025-07-19 23:35:33+00:00", "template": "", "funnel": "", "phone": "", "success": "", "error": "", "msg": "Start polling"}
{"time": "2025-07-19 23:35:33+00:00", "template": "", "funnel": "", "phone": "", "success": "", "error": "", "msg": "Run polling for bot @Test_Bondio_Bot id=7561870576 - 'test_bondio'"}
{"time": "2025-07-19 23:42:32+00:00", "template": "", "funnel": "", "phone": "", "success": "", "error": "", "msg": "Polling stopped"}
{"time": "2025-07-19 23:42:32+00:00", "template": "", "funnel": "", "phone": "", "success": "", "error": "", "msg": "Polling stopped for bot @Test_Bondio_Bot id=7561870576 - 'test_bondio'"}
{"time": "2025-07-19 23:50:42+00:00", "template": "", "funnel": "", "phone": "", "success": "", "error": "", "msg": "🚀 Бот запущен."}
{"time": "2025-07-19 23:50:42+00:00", "template": "", "funnel": "", "phone": "", "success": "", "error": "", "msg": "Start polling"}
{"time": "2025-07-19 23:50:42+00:00", "template": "", "funnel": "", "phone": "", "success": "", "error": "", "msg": "Run polling for bot @Test_Bondio_Bot id=7561870576 - 'test_bondio'"}
{"time": "2025-07-19 23:50:43+00:00", "template": "", "funnel": "", "phone": "", "success": "", "error": "", "msg": "✅ AmoCRM готов"}
{"time": "2025-07-19 23:50:48+00:00", "template": "", "funnel": "", "phone": "", "success": "", "error": "", "msg": "Polling stopped"}
{"time": "2025-07-19 23:50:49+00:00", "template": "", "funnel": "", "phone": "", "success": "", "error": "", "msg": "Polling stopped for bot @Test_Bondio_Bot id=7561870576 - 'test_bondio'"}
{"time": "2025-07-19 23:51:07+00:00", "template": "", "funnel": "", "phone": "", "success": "", "error": "", "msg": "🚀 Бот запущен."}
{"time": "2025-07-19 23:51:07+00:00", "template": "", "funnel": "", "phone": "", "success": "", "error": "", "msg": "Start polling"}
{"time": "2025-07-19 23:51:07+00:00", "template": "", "funnel": "", "phone": "", "success": "", "error": "", "msg": "Run polling for bot @Test_Bondio_Bot id=7561870576 - 'test_bondio'"}
{"time": "2025-07-19 23:51:07+00:00", "template": "", "funnel": "", "phone": "", "success": "", "error": "", "msg": "✅ AmoCRM готов"}
{"time": "2025-07-19 23:51:08+00:00", "template": "", "funnel": "", "phone": "", "success": "", "error": "", "msg": "Polling stopped"}
{"time": "2025-07-19 23:51:08+00:00", "template": "", "funnel": "", "phone": "", "success": "", "error": "", "msg": "Polling stopped for bot @Test_Bondio_Bot id=7561870576 - 'test_bondio'"}
{"time": "2025-07-20 00:01:02+00:00", "template": "", "funnel": "", "phone": "", "success": "", "error": "", "msg": "🚀 Бот запущен."}
{"time": "2025-07-20 00:01:02+00:00", "template": "", "funnel": "", "phone": "", "success": "", "error": "", "msg": "Start polling"}
{"time": "2025-07-20 00:01:02+00:00", "template": "", "funnel": "", "phone": "", "success": "", "error": "", "msg": "Run polling for bot @Test_Bondio_Bot id=7561870576 - 'test_bondio'"}
{"time": "2025-07-20 00:01:02+00:00", "template": "", "funnel": "", "phone": "", "success": "", "error": "", "msg": "✅ AmoCRM готов"}
{"time": "2025-07-20 00:01:06+00:00", "template": "", "funnel": "", "phone": "", "success": "", "error": "", "msg": "Update id=514054657 is handled. Duration 164 ms by bot id=7561870576"}
{"time": "2025-07-20 00:01:08+00:00", "template": "", "funnel": "", "phone": "", "success": "", "error": "", "msg": "Update id=514054658 is handled. Duration 0 ms by bot id=7561870576"}
{"time": "2025-07-20 00:01:11+00:00", "template": "", "funnel": "", "phone": "", "success": "", "error": "", "msg": "Update id=514054659 is handled. Duration 66 ms by bot id=7561870576"}
{"time": "2025-07-20 00:01:13+00:00", "template": "", "funnel": "", "phone": "", "success": "", "error": "", "msg": "Update id=514054660 is handled. Duration 516 ms by bot id=7561870576"}
{"time": "2025-07-20 00:01:15+00:00", "template": "", "funnel": "", "phone": "", "success": "", "error": "", "msg": "Update id=514054661 is handled. Duration 1183 ms by bot id=7561870576"}
{"time": "2025-07-20 00:01:17+00:00", "template": "", "funnel": "", "phone": "", "success": "", "error": "", "msg": "Update id=514054662 is handled. Duration 779 ms by bot id=7561870576"}
{"time": "2025-07-20 00:01:18+00:00", "template": "", "funnel": "", "phone": "", "success": "", "error": "", "msg": "Update id=514054663 is handled. Duration 113 ms by bot id=7561870576"}
{"time": "2025-07-20 00:01:20+00:00", "template": "", "funnel": "", "phone": "", "success": "", "error": "", "msg": "Update id=514054664 is handled. Duration 105 ms by bot id=7561870576"}
{"time": "2025-07-20 00:01:22+00:00", "template": "", "funnel": "", "phone": "", "success": "", "error": "", "msg": "Update id=514054665 is handled. Duration 86 ms by bot id=7561870576"}
{"time": "2025-07-20 00:01:23+00:00", "template": "", "funnel": "", "phone": "", "success": "", "error": "", "msg": "Update id=514054666 is handled. Duration 204 ms by bot id=7561870576"}
{"time": "2025-07-20 00:01:29+00:00", "template": "", "funnel": "", "phone": "", "success": "", "error": "", "msg": "Update id=514054667 is handled. Duration 177 ms by bot id=7561870576"}
{"time": "2025-07-20 00:01:49+00:00", "template": "", "funnel": "", "phone": "", "success": "", "error": "", "msg": "Update id=514054668 is handled. Duration 70 ms by bot id=7561870576"}
{"time": "2025-07-20 00:01:50+00:00", "template": "", "funnel": "", "phone": "", "success": "", "error": "", "msg": "Update id=514054669 is handled. Duration 107 ms by bot id=7561870576"}
{"time": "2025-07-20 00:01:55+00:00", "template": "", "funnel": "", "phone": "", "success": "", "error": "", "msg": "Update id=514054670 is handled. Duration 66 ms by bot id=7561870576"}
{"time": "2025-07-20 00:02:03+00:00", "template": "", "funnel": "", "phone": "", "success": "", "error": "", "msg": "Update id=514054671 is handled. Duration 65 ms by bot id=7561870576"}
{"time": "2025-07-20 00:02:07+00:00", "template": "", "funnel": "", "phone": "", "success": "", "error": "", "msg": "Update id=514054672 is handled. Duration 106 ms by bot id=7561870576"}
{"time": "2025-07-20 00:02:13+00:00", "template": "", "funnel": "", "phone": "", "success": "", "error": "", "msg": "Update id=514054673 is handled. Duration 122 ms by bot id=7561870576"}
{"time": "2025-07-20 00:02:16+00:00", "template": "", "funnel": "", "phone": "", "success": "", "error": "", "msg": "Update id=514054674 is handled. Duration 67 ms by bot id=7561870576"}
{"time": "2025-07-20 00:03:03+00:00", "template": "263ad3ff-a524-4d0f-94f5-b6d1a369f915", "funnel": "", "phone": "+79842739577", "success": false, "error": "--- Logging error ---\r\nTraceback (most recent call last):\r\n  File \"C:\\Users\\mrmin\\AppData\\Local\\Programs\\Python\\Python313\\Lib\\logging\\__init__.py\", line 1154, in emit\r\n    stream.write(msg + self.terminator)\r\n    ~~~~~~~~~~~~^^^^^^^^^^^^^^^^^^^^^^^\r\n  File \"C:\\Users\\mrmin\\AppData\\Local\\Programs\\Python\\Python313\\Lib\\encodings\\cp1251.py\", line 19, in encode\r\n    return codecs.charmap_encode(input,self.errors,encoding_table)[0]\r\n           ~~~~~~~~~~~~~~~~~~~~~^^^^^^^^^^^^^^^^^^^^^^^^^^^^^^^^^^\r\nUnicodeEncodeError: 'charmap' codec can't encode character '\\u2192' in position 48: character maps to <undefined>\r\nCall stack:\r\n  File \"C:\\work\\test\\twst1\\bot.py\", line 144, in <module>\r\n    main()\r\n  File \"C:\\work\\test\\twst1\\bot.py\", line 115, in main\r\n    code, resp = send_template(\r\n  File \"C:\\work\\test\\twst1\\bot.py\", line 78, in send_template\r\n    logging.debug(\"send_template \\u2192 dest=%s, tpl_id=%s, params=%s, lang=%s\",\r\nMessage: 'send_template \\u2192 dest=%s, tpl_id=%s, params=%s, lang=%s'\r\nArguments: ('+79842739577', '263ad3ff-a524-4d0f-94f5-b6d1a369f915', ['1', '1'], 'ru')\r\n--- Logging error ---\r\nTraceback (most recent call last):\r\n  File \"C:\\Users\\mrmin\\AppData\\Local\\Programs\\Python\\Python313\\Lib\\logging\\__init__.py\", line 1154, in emit\r\n    stream.write(msg + self.terminator)\r\n    ~~~~~~~~~~~~^^^^^^^^^^^^^^^^^^^^^^^\r\n  File \"C:\\Users\\mrmin\\AppData\\Local\\Programs\\Python\\Python313\\Lib\\encodings\\cp1251.py\", line 19, in encode\r\n    return codecs.charmap_encode(input,self.errors,encoding_table)[0]\r\n           ~~~~~~~~~~~~~~~~~~~~~^^^^^^^^^^^^^^^^^^^^^^^^^^^^^^^^^^\r\nUnicodeEncodeError: 'charmap' codec can't encode character '\\u2192' in position 51: character maps to <undefined>\r\nCall stack:\r\n  File \"C:\\work\\test\\twst1\\bot.py\", line 144, in <module>\r\n    main()\r\n  File \"C:\\work\\test\\twst1\\bot.py\", line 115, in main\r\n    code, resp = send_template(\r\n  File \"C:\\work\\test\\twst1\\bot.py\", line 98, in send_template\r\n    logging.debug(\"Gupshup HTTP %s \\u2192 %s\", r.status_code, r.text[:400])\r\nMessage: 'Gupshup HTTP %s \\u2192 %s'\r\nArguments: (202, '{\\n  \"messageId\": \"3c9036b8-a306-415a-8187-79d9e4b94f1e\",\\n  \"status\": \"submitted\"\\n}')\r\nTraceback (most recent call last):\r\n  File \"C:\\work\\test\\twst1\\bot.py\", line 144, in <module>\r\n    main()\r\n    ~~~~^^\r\n  File \"C:\\work\\test\\twst1\\bot.py\", line 121, in main\r\n    print(f\"{phone}: {code} \\u2192 {resp}\")\r\n    ~~~~~^^^^^^^^^^^^^^^^^^^^^^^^^^^^^\r\n  File \"C:\\Users\\mrmin\\AppData\\Local\\Programs\\Python\\Python313\\Lib\\encodings\\cp1251.py\", line 19, in encode\r\n    return codecs.charmap_encode(input,self.errors,encoding_table)[0]\r\n           ~~~~~~~~~~~~~~~~~~~~~^^^^^^^^^^^^^^^^^^^^^^^^^^^^^^^^^^\r\nUnicodeEncodeError: 'charmap' codec can't encode character '\\u2192' in position 18: character maps to <undefined>", "msg": "+79842739577 → ERR 1"}
{"time": "2025-07-20 00:03:04+00:00", "template": "263ad3ff-a524-4d0f-94f5-b6d1a369f915", "funnel": "", "phone": "+79111363436", "success": false, "error": "--- Logging error ---\r\nTraceback (most recent call last):\r\n  File \"C:\\Users\\mrmin\\AppData\\Local\\Programs\\Python\\Python313\\Lib\\logging\\__init__.py\", line 1154, in emit\r\n    stream.write(msg + self.terminator)\r\n    ~~~~~~~~~~~~^^^^^^^^^^^^^^^^^^^^^^^\r\n  File \"C:\\Users\\mrmin\\AppData\\Local\\Programs\\Python\\Python313\\Lib\\encodings\\cp1251.py\", line 19, in encode\r\n    return codecs.charmap_encode(input,self.errors,encoding_table)[0]\r\n           ~~~~~~~~~~~~~~~~~~~~~^^^^^^^^^^^^^^^^^^^^^^^^^^^^^^^^^^\r\nUnicodeEncodeError: 'charmap' codec can't encode character '\\u2192' in position 48: character maps to <undefined>\r\nCall stack:\r\n  File \"C:\\work\\test\\twst1\\bot.py\", line 144, in <module>\r\n    main()\r\n  File \"C:\\work\\test\\twst1\\bot.py\", line 115, in main\r\n    code, resp = send_template(\r\n  File \"C:\\work\\test\\twst1\\bot.py\", line 78, in send_template\r\n    logging.debug(\"send_template \\u2192 dest=%s, tpl_id=%s, params=%s, lang=%s\",\r\nMessage: 'send_template \\u2192 dest=%s, tpl_id=%s, params=%s, lang=%s'\r\nArguments: ('+79111363436', '263ad3ff-a524-4d0f-94f5-b6d1a369f915', ['1', '1'], 'ru')\r\n--- Logging error ---\r\nTraceback (most recent call last):\r\n  File \"C:\\Users\\mrmin\\AppData\\Local\\Programs\\Python\\Python313\\Lib\\logging\\__init__.py\", line 1154, in emit\r\n    stream.write(msg + self.terminator)\r\n    ~~~~~~~~~~~~^^^^^^^^^^^^^^^^^^^^^^^\r\n  File \"C:\\Users\\mrmin\\AppData\\Local\\Programs\\Python\\Python313\\Lib\\encodings\\cp1251.py\", line 19, in encode\r\n    return codecs.charmap_encode(input,self.errors,encoding_table)[0]\r\n           ~~~~~~~~~~~~~~~~~~~~~^^^^^^^^^^^^^^^^^^^^^^^^^^^^^^^^^^\r\nUnicodeEncodeError: 'charmap' codec can't encode character '\\u2192' in position 51: character maps to <undefined>\r\nCall stack:\r\n  File \"C:\\work\\test\\twst1\\bot.py\", line 144, in <module>\r\n    main()\r\n  File \"C:\\work\\test\\twst1\\bot.py\", line 115, in main\r\n    code, resp = send_template(\r\n  File \"C:\\work\\test\\twst1\\bot.py\", line 98, in send_template\r\n    logging.debug(\"Gupshup HTTP %s \\u2192 %s\", r.status_code, r.text[:400])\r\nMessage: 'Gupshup HTTP %s \\u2192 %s'\r\nArguments: (202, '{\\n  \"messageId\": \"c3d83379-4ed9-4664-9d60-e4e102107d46\",\\n  \"status\": \"submitted\"\\n}')\r\nTraceback (most recent call last):\r\n  File \"C:\\work\\test\\twst1\\bot.py\", line 144, in <module>\r\n    main()\r\n    ~~~~^^\r\n  File \"C:\\work\\test\\twst1\\bot.py\", line 121, in main\r\n    print(f\"{phone}: {code} \\u2192 {resp}\")\r\n    ~~~~~^^^^^^^^^^^^^^^^^^^^^^^^^^^^^\r\n  File \"C:\\Users\\mrmin\\AppData\\Local\\Programs\\Python\\Python313\\Lib\\encodings\\cp1251.py\", line 19, in encode\r\n    return codecs.charmap_encode(input,self.errors,encoding_table)[0]\r\n           ~~~~~~~~~~~~~~~~~~~~~^^^^^^^^^^^^^^^^^^^^^^^^^^^^^^^^^^\r\nUnicodeEncodeError: 'charmap' codec can't encode character '\\u2192' in position 18: character maps to <undefined>", "msg": "+79111363436 → ERR 1"}
{"time": "2025-07-20 00:03:04+00:00", "template": "", "funnel": "", "phone": "", "success": "", "error": "", "msg": "Рассылка job_e956b209 завершена (2 номеров)"}
{"time": "2025-07-20 00:04:38+00:00", "template": "", "funnel": "", "phone": "", "success": "", "error": "", "msg": "Update id=514054675 is handled. Duration 61 ms by bot id=7561870576"}
{"time": "2025-07-20 00:04:40+00:00", "template": "", "funnel": "", "phone": "", "success": "", "error": "", "msg": "Update id=514054676 is handled. Duration 0 ms by bot id=7561870576"}
{"time": "2025-07-20 00:04:42+00:00", "template": "", "funnel": "", "phone": "", "success": "", "error": "", "msg": "Update id=514054677 is handled. Duration 69 ms by bot id=7561870576"}
{"time": "2025-07-20 00:04:43+00:00", "template": "", "funnel": "", "phone": "", "success": "", "error": "", "msg": "Update id=514054678 is handled. Duration 62 ms by bot id=7561870576"}
{"time": "2025-07-20 00:04:45+00:00", "template": "", "funnel": "", "phone": "", "success": "", "error": "", "msg": "Update id=514054679 is handled. Duration 68 ms by bot id=7561870576"}
{"time": "2025-07-20 00:04:46+00:00", "template": "", "funnel": "", "phone": "", "success": "", "error": "", "msg": "Update id=514054680 is handled. Duration 0 ms by bot id=7561870576"}
{"time": "2025-07-20 00:05:03+00:00", "template": "", "funnel": "", "phone": "", "success": "", "error": "", "msg": "Update id=514054681 is handled. Duration 0 ms by bot id=7561870576"}
{"time": "2025-07-20 00:05:05+00:00", "template": "", "funnel": "", "phone": "", "success": "", "error": "", "msg": "Polling stopped"}
{"time": "2025-07-20 00:05:05+00:00", "template": "", "funnel": "", "phone": "", "success": "", "error": "", "msg": "Polling stopped for bot @Test_Bondio_Bot id=7561870576 - 'test_bondio'"}
{"time": "2025-07-20 00:32:03+00:00", "template": "", "funnel": "", "phone": "", "success": "", "error": "", "msg": "🚀 Бот запущен."}
{"time": "2025-07-20 00:32:03+00:00", "template": "", "funnel": "", "phone": "", "success": "", "error": "", "msg": "Start polling"}
{"time": "2025-07-20 00:32:03+00:00", "template": "", "funnel": "", "phone": "", "success": "", "error": "", "msg": "Run polling for bot @Test_Bondio_Bot id=7561870576 - 'test_bondio'"}
{"time": "2025-07-20 00:32:03+00:00", "template": "", "funnel": "", "phone": "", "success": "", "error": "", "msg": "✅ AmoCRM готов"}
{"time": "2025-07-20 00:32:05+00:00", "template": "", "funnel": "", "phone": "", "success": "", "error": "", "msg": "Update id=514054682 is handled. Duration 168 ms by bot id=7561870576"}
{"time": "2025-07-20 00:32:07+00:00", "template": "", "funnel": "", "phone": "", "success": "", "error": "", "msg": "Update id=514054683 is handled. Duration 83 ms by bot id=7561870576"}
{"time": "2025-07-20 00:32:08+00:00", "template": "", "funnel": "", "phone": "", "success": "", "error": "", "msg": "Update id=514054684 is handled. Duration 65 ms by bot id=7561870576"}
{"time": "2025-07-20 00:32:09+00:00", "template": "", "funnel": "", "phone": "", "success": "", "error": "", "msg": "Update id=514054685 is handled. Duration 0 ms by bot id=7561870576"}
{"time": "2025-07-20 00:32:52+00:00", "template": "", "funnel": "", "phone": "", "success": "", "error": "", "msg": "Update id=514054686 is handled. Duration 65 ms by bot id=7561870576"}
{"time": "2025-07-20 00:32:54+00:00", "template": "", "funnel": "", "phone": "", "success": "", "error": "", "msg": "Update id=514054687 is handled. Duration 564 ms by bot id=7561870576"}
{"time": "2025-07-20 00:32:57+00:00", "template": "", "funnel": "", "phone": "", "success": "", "error": "", "msg": "Update id=514054688 is handled. Duration 1975 ms by bot id=7561870576"}
{"time": "2025-07-20 00:32:59+00:00", "template": "", "funnel": "", "phone": "", "success": "", "error": "", "msg": "Update id=514054689 is handled. Duration 769 ms by bot id=7561870576"}
{"time": "2025-07-20 00:33:03+00:00", "template": "", "funnel": "", "phone": "", "success": "", "error": "", "msg": "Update id=514054690 is handled. Duration 114 ms by bot id=7561870576"}
{"time": "2025-07-20 00:33:04+00:00", "template": "", "funnel": "", "phone": "", "success": "", "error": "", "msg": "Update id=514054691 is handled. Duration 111 ms by bot id=7561870576"}
{"time": "2025-07-20 00:33:06+00:00", "template": "", "funnel": "", "phone": "", "success": "", "error": "", "msg": "Update id=514054692 is handled. Duration 78 ms by bot id=7561870576"}
{"time": "2025-07-20 00:33:06+00:00", "template": "", "funnel": "", "phone": "", "success": "", "error": "", "msg": "Update id=514054693 is handled. Duration 132 ms by bot id=7561870576"}
{"time": "2025-07-20 00:33:09+00:00", "template": "", "funnel": "", "phone": "", "success": "", "error": "", "msg": "Update id=514054694 is handled. Duration 122 ms by bot id=7561870576"}
{"time": "2025-07-20 00:33:10+00:00", "template": "", "funnel": "", "phone": "", "success": "", "error": "", "msg": "Update id=514054695 is handled. Duration 110 ms by bot id=7561870576"}
{"time": "2025-07-20 00:33:14+00:00", "template": "263ad3ff-a524-4d0f-94f5-b6d1a369f915", "funnel": "", "phone": "+79842739577", "success": false, "error": "--- Logging error ---\r\nTraceback (most recent call last):\r\n  File \"C:\\Users\\mrmin\\AppData\\Local\\Programs\\Python\\Python313\\Lib\\logging\\__init__.py\", line 1154, in emit\r\n    stream.write(msg + self.terminator)\r\n    ~~~~~~~~~~~~^^^^^^^^^^^^^^^^^^^^^^^\r\n  File \"C:\\Users\\mrmin\\AppData\\Local\\Programs\\Python\\Python313\\Lib\\encodings\\cp1251.py\", line 19, in encode\r\n    return codecs.charmap_encode(input,self.errors,encoding_table)[0]\r\n           ~~~~~~~~~~~~~~~~~~~~~^^^^^^^^^^^^^^^^^^^^^^^^^^^^^^^^^^\r\nUnicodeEncodeError: 'charmap' codec can't encode character '\\u2192' in position 48: character maps to <undefined>\r\nCall stack:\r\n  File \"C:\\work\\test\\twst1\\bot.py\", line 152, in <module>\r\n    main()\r\n  File \"C:\\work\\test\\twst1\\bot.py\", line 123, in main\r\n    code, resp = send_template(\r\n  File \"C:\\work\\test\\twst1\\bot.py\", line 86, in send_template\r\n    logging.debug(\"send_template \\u2192 dest=%s, tpl_id=%s, params=%s, lang=%s\",\r\nMessage: 'send_template \\u2192 dest=%s, tpl_id=%s, params=%s, lang=%s'\r\nArguments: ('+79842739577', '263ad3ff-a524-4d0f-94f5-b6d1a369f915', ['1', '1'], 'ru')\r\n--- Logging error ---\r\nTraceback (most recent call last):\r\n  File \"C:\\Users\\mrmin\\AppData\\Local\\Programs\\Python\\Python313\\Lib\\logging\\__init__.py\", line 1154, in emit\r\n    stream.write(msg + self.terminator)\r\n    ~~~~~~~~~~~~^^^^^^^^^^^^^^^^^^^^^^^\r\n  File \"C:\\Users\\mrmin\\AppData\\Local\\Programs\\Python\\Python313\\Lib\\encodings\\cp1251.py\", line 19, in encode\r\n    return codecs.charmap_encode(input,self.errors,encoding_table)[0]\r\n           ~~~~~~~~~~~~~~~~~~~~~^^^^^^^^^^^^^^^^^^^^^^^^^^^^^^^^^^\r\nUnicodeEncodeError: 'charmap' codec can't encode character '\\u2192' in position 51: character maps to <undefined>\r\nCall stack:\r\n  File \"C:\\work\\test\\twst1\\bot.py\", line 152, in <module>\r\n    main()\r\n  File \"C:\\work\\test\\twst1\\bot.py\", line 123, in main\r\n    code, resp = send_template(\r\n  File \"C:\\work\\test\\twst1\\bot.py\", line 106, in send_template\r\n    logging.debug(\"Gupshup HTTP %s \\u2192 %s\", r.status_code, r.text[:400])\r\nMessage: 'Gupshup HTTP %s \\u2192 %s'\r\nArguments: (202, '{\\n  \"messageId\": \"e68a8b49-9827-4452-bde5-d4af501b5c6b\",\\n  \"status\": \"submitted\"\\n}')\r\nTraceback (most recent call last):\r\n  File \"C:\\work\\test\\twst1\\bot.py\", line 152, in <module>\r\n    main()\r\n    ~~~~^^\r\n  File \"C:\\work\\test\\twst1\\bot.py\", line 129, in main\r\n    print(f\"{phone}: {code} \\u2192 {resp}\")\r\n    ~~~~~^^^^^^^^^^^^^^^^^^^^^^^^^^^^^\r\n  File \"C:\\Users\\mrmin\\AppData\\Local\\Programs\\Python\\Python313\\Lib\\encodings\\cp1251.py\", line 19, in encode\r\n    return codecs.charmap_encode(input,self.errors,encoding_table)[0]\r\n           ~~~~~~~~~~~~~~~~~~~~~^^^^^^^^^^^^^^^^^^^^^^^^^^^^^^^^^^\r\nUnicodeEncodeError: 'charmap' codec can't encode character '\\u2192' in position 18: character maps to <undefined>", "msg": "+79842739577 → ERR 1"}
{"time": "2025-07-20 00:33:14+00:00", "template": "", "funnel": "", "phone": "", "success": "", "error": "", "msg": "Update id=514054696 is handled. Duration 68 ms by bot id=7561870576"}
{"time": "2025-07-20 00:33:15+00:00", "template": "263ad3ff-a524-4d0f-94f5-b6d1a369f915", "funnel": "", "phone": "+79111363436", "success": false, "error": "--- Logging error ---\r\nTraceback (most recent call last):\r\n  File \"C:\\Users\\mrmin\\AppData\\Local\\Programs\\Python\\Python313\\Lib\\logging\\__init__.py\", line 1154, in emit\r\n    stream.write(msg + self.terminator)\r\n    ~~~~~~~~~~~~^^^^^^^^^^^^^^^^^^^^^^^\r\n  File \"C:\\Users\\mrmin\\AppData\\Local\\Programs\\Python\\Python313\\Lib\\encodings\\cp1251.py\", line 19, in encode\r\n    return codecs.charmap_encode(input,self.errors,encoding_table)[0]\r\n           ~~~~~~~~~~~~~~~~~~~~~^^^^^^^^^^^^^^^^^^^^^^^^^^^^^^^^^^\r\nUnicodeEncodeError: 'charmap' codec can't encode character '\\u2192' in position 48: character maps to <undefined>\r\nCall stack:\r\n  File \"C:\\work\\test\\twst1\\bot.py\", line 152, in <module>\r\n    main()\r\n  File \"C:\\work\\test\\twst1\\bot.py\", line 123, in main\r\n    code, resp = send_template(\r\n  File \"C:\\work\\test\\twst1\\bot.py\", line 86, in send_template\r\n    logging.debug(\"send_template \\u2192 dest=%s, tpl_id=%s, params=%s, lang=%s\",\r\nMessage: 'send_template \\u2192 dest=%s, tpl_id=%s, params=%s, lang=%s'\r\nArguments: ('+79111363436', '263ad3ff-a524-4d0f-94f5-b6d1a369f915', ['1', '1'], 'ru')\r\n--- Logging error ---\r\nTraceback (most recent call last):\r\n  File \"C:\\Users\\mrmin\\AppData\\Local\\Programs\\Python\\Python313\\Lib\\logging\\__init__.py\", line 1154, in emit\r\n    stream.write(msg + self.terminator)\r\n    ~~~~~~~~~~~~^^^^^^^^^^^^^^^^^^^^^^^\r\n  File \"C:\\Users\\mrmin\\AppData\\Local\\Programs\\Python\\Python313\\Lib\\encodings\\cp1251.py\", line 19, in encode\r\n    return codecs.charmap_encode(input,self.errors,encoding_table)[0]\r\n           ~~~~~~~~~~~~~~~~~~~~~^^^^^^^^^^^^^^^^^^^^^^^^^^^^^^^^^^\r\nUnicodeEncodeError: 'charmap' codec can't encode character '\\u2192' in position 51: character maps to <undefined>\r\nCall stack:\r\n  File \"C:\\work\\test\\twst1\\bot.py\", line 152, in <module>\r\n    main()\r\n  File \"C:\\work\\test\\twst1\\bot.py\", line 123, in main\r\n    code, resp = send_template(\r\n  File \"C:\\work\\test\\twst1\\bot.py\", line 106, in send_template\r\n    logging.debug(\"Gupshup HTTP %s \\u2192 %s\", r.status_code, r.text[:400])\r\nMessage: 'Gupshup HTTP %s \\u2192 %s'\r\nArguments: (202, '{\\n  \"messageId\": \"6e963cf6-33df-478e-b1b9-dec178b20ff6\",\\n  \"status\": \"submitted\"\\n}')\r\nTraceback (most recent call last):\r\n  File \"C:\\work\\test\\twst1\\bot.py\", line 152, in <module>\r\n    main()\r\n    ~~~~^^\r\n  File \"C:\\work\\test\\twst1\\bot.py\", line 129, in main\r\n    print(f\"{phone}: {code} \\u2192 {resp}\")\r\n    ~~~~~^^^^^^^^^^^^^^^^^^^^^^^^^^^^^\r\n  File \"C:\\Users\\mrmin\\AppData\\Local\\Programs\\Python\\Python313\\Lib\\encodings\\cp1251.py\", line 19, in encode\r\n    return codecs.charmap_encode(input,self.errors,encoding_table)[0]\r\n           ~~~~~~~~~~~~~~~~~~~~~^^^^^^^^^^^^^^^^^^^^^^^^^^^^^^^^^^\r\nUnicodeEncodeError: 'charmap' codec can't encode character '\\u2192' in position 18: character maps to <undefined>", "msg": "+79111363436 → ERR 1"}
{"time": "2025-07-20 00:33:15+00:00", "template": "", "funnel": "", "phone": "", "success": "", "error": "", "msg": "Рассылка job_6378cf16 завершена (2 номеров)"}
{"time": "2025-07-20 00:33:26+00:00", "template": "", "funnel": "", "phone": "", "success": "", "error": "", "msg": "Update id=514054697 is handled. Duration 0 ms by bot id=7561870576"}
{"time": "2025-07-20 01:00:55+00:00", "template": "", "funnel": "", "phone": "", "success": "", "error": "", "msg": "🚀 Бот запущен."}
{"time": "2025-07-20 01:00:55+00:00", "template": "", "funnel": "", "phone": "", "success": "", "error": "", "msg": "Start polling"}
{"time": "2025-07-20 01:00:56+00:00", "template": "", "funnel": "", "phone": "", "success": "", "error": "", "msg": "Run polling for bot @Test_Bondio_Bot id=7561870576 - 'test_bondio'"}
{"time": "2025-07-20 01:00:56+00:00", "template": "", "funnel": "", "phone": "", "success": "", "error": "", "msg": "✅ AmoCRM готов"}
{"time": "2025-07-20 01:01:54+00:00", "template": "", "funnel": "", "phone": "", "success": "", "error": "", "msg": "Update id=514054698 is not handled. Duration 0 ms by bot id=7561870576"}
{"time": "2025-07-20 01:01:58+00:00", "template": "", "funnel": "", "phone": "", "success": "", "error": "", "msg": "Polling stopped"}
{"time": "2025-07-20 01:01:58+00:00", "template": "", "funnel": "", "phone": "", "success": "", "error": "", "msg": "Polling stopped for bot @Test_Bondio_Bot id=7561870576 - 'test_bondio'"}
