2025-07-21 01:38:09,076 | DEBUG | send_template → dest=+79111363436, tpl_id=263ad3ff-a524-4d0f-94f5-b6d1a369f915, params=['1', '1'], lang=ru
2025-07-21 01:38:09,080 | DEBUG | Starting new HTTPS connection (1): api.gupshup.io:443
2025-07-21 01:38:10,062 | DEBUG | https://api.gupshup.io:443 "POST /sm/api/v1/template/msg HTTP/1.1" 202 82
2025-07-21 01:38:10,062 | DEBUG | Gupshup HTTP 202 → {
  "messageId": "5db5c849-16bc-4b78-958c-fd2834bc7a04",
  "status": "submitted"
}
2025-07-21 01:43:05,507 | DEBUG | send_template → dest=+79111363436, tpl_id=263ad3ff-a524-4d0f-94f5-b6d1a369f915, params=['1', '1'], lang=ru
2025-07-21 01:43:05,510 | DEBUG | Starting new HTTPS connection (1): api.gupshup.io:443
2025-07-21 01:43:06,577 | DEBUG | https://api.gupshup.io:443 "POST /sm/api/v1/template/msg HTTP/1.1" 202 82
2025-07-21 01:43:06,578 | DEBUG | Gupshup HTTP 202 → {
  "messageId": "2ef72207-2597-4009-bded-cc073a077159",
  "status": "submitted"
}
2025-07-21 01:46:08,410 | DEBUG | send_template → dest=+79111363436, tpl_id=263ad3ff-a524-4d0f-94f5-b6d1a369f915, params=['1', '1'], lang=ru
2025-07-21 01:46:08,414 | DEBUG | Starting new HTTPS connection (1): api.gupshup.io:443
2025-07-21 01:46:09,460 | DEBUG | https://api.gupshup.io:443 "POST /sm/api/v1/template/msg HTTP/1.1" 202 82
2025-07-21 01:46:09,462 | DEBUG | Gupshup HTTP 202 → {
  "messageId": "303cd086-6f71-425d-85ce-48fb73d8f70a",
  "status": "submitted"
}
